capcut-templates/build/app/intermediates/manifest_merge_blame_file/release/manifest-merger-blame-release-report.txt
1<?xml version="1.0" encoding="utf-8"?>
2<manifest xmlns:android="http://schemas.android.com/apk/res/android"
3    package="com.stormdeve.capcut_template"
4    android:versionCode="1"
5    android:versionName="1.0.0" >
6
7    <uses-sdk
8        android:minSdkVersion="21"
8-->src/main/AndroidManifest.xml
9        android:targetSdkVersion="33" />
9-->src/main/AndroidManifest.xml
10
11    <uses-permission android:name="android.permission.INTERNET" />
11-->src/main/AndroidManifest.xml:3:5-66
11-->src/main/AndroidManifest.xml:3:22-64
12
13    <queries>
13-->src/main/AndroidManifest.xml:38:5-43:15
14        <intent>
14-->src/main/AndroidManifest.xml:39:9-42:18
15            <action android:name="android.intent.action.VIEW" />
15-->src/main/AndroidManifest.xml:40:13-65
15-->src/main/AndroidManifest.xml:40:21-62
16
17            <data android:scheme="https" />
17-->src/main/AndroidManifest.xml:41:13-44
17-->src/main/AndroidManifest.xml:41:19-41
18        </intent>
19        <!-- For browser content -->
20        <intent>
20-->[com.google.android.gms:play-services-ads-lite:22.0.0] AndroidManifest.xml:35:9-41:18
21            <action android:name="android.intent.action.VIEW" />
21-->src/main/AndroidManifest.xml:40:13-65
21-->src/main/AndroidManifest.xml:40:21-62
22
23            <category android:name="android.intent.category.BROWSABLE" />
23-->[com.google.android.gms:play-services-ads-lite:22.0.0] AndroidManifest.xml:38:13-74
23-->[com.google.android.gms:play-services-ads-lite:22.0.0] AndroidManifest.xml:38:23-71
24
25            <data android:scheme="https" />
25-->src/main/AndroidManifest.xml:41:13-44
25-->src/main/AndroidManifest.xml:41:19-41
26        </intent> <!-- End of browser content -->
27        <!-- For CustomTabsService -->
28        <intent>
28-->[com.google.android.gms:play-services-ads-lite:22.0.0] AndroidManifest.xml:44:9-46:18
29            <action android:name="android.support.customtabs.action.CustomTabsService" />
29-->[com.google.android.gms:play-services-ads-lite:22.0.0] AndroidManifest.xml:45:13-90
29-->[com.google.android.gms:play-services-ads-lite:22.0.0] AndroidManifest.xml:45:21-87
30        </intent>
31    </queries>
32
33    <uses-permission android:name="android.permission.ACCESS_NETWORK_STATE" />
33-->[:firebase_analytics] AndroidManifest.xml:7:5-79
33-->[:firebase_analytics] AndroidManifest.xml:7:22-76
34    <uses-permission android:name="android.permission.WAKE_LOCK" /> <!-- Create a unique permission for your app and use it so only your app can receive your OneSignal messages. -->
34-->[:firebase_analytics] AndroidManifest.xml:9:5-68
34-->[:firebase_analytics] AndroidManifest.xml:9:22-65
35    <permission
35-->[com.onesignal:OneSignal:4.8.5] AndroidManifest.xml:7:5-9:47
36        android:name="com.stormdeve.capcut_template.permission.C2D_MESSAGE"
36-->[com.onesignal:OneSignal:4.8.5] AndroidManifest.xml:8:9-63
37        android:protectionLevel="signature" />
37-->[com.onesignal:OneSignal:4.8.5] AndroidManifest.xml:9:9-44
38
39    <uses-permission android:name="com.stormdeve.capcut_template.permission.C2D_MESSAGE" /> <!-- OneSignal SDK has runtime checks Android version. -->
39-->[com.onesignal:OneSignal:4.8.5] AndroidManifest.xml:11:5-79
39-->[com.onesignal:OneSignal:4.8.5] AndroidManifest.xml:11:22-76
40    <!-- <uses-sdk tools:overrideLibrary="android.support.customtabs"/> -->
41    <!-- Required runtime permission to display notifications on Android 13 -->
42    <uses-permission android:name="android.permission.POST_NOTIFICATIONS" /> <!-- c2dm RECEIVE are basic requirements for push messages through Google's FCM -->
42-->[com.onesignal:OneSignal:4.8.5] AndroidManifest.xml:16:5-77
42-->[com.onesignal:OneSignal:4.8.5] AndroidManifest.xml:16:22-74
43    <uses-permission android:name="com.google.android.c2dm.permission.RECEIVE" />
43-->[com.onesignal:OneSignal:4.8.5] AndroidManifest.xml:18:5-82
43-->[com.onesignal:OneSignal:4.8.5] AndroidManifest.xml:18:22-79
44    <!--
45 Required so the device vibrates on receiving a push notification.
46         Vibration settings of the device still apply.
47    -->
48    <uses-permission android:name="android.permission.VIBRATE" />
48-->[com.onesignal:OneSignal:4.8.5] AndroidManifest.xml:24:5-66
48-->[com.onesignal:OneSignal:4.8.5] AndroidManifest.xml:24:22-63
49    <!--
50 Use to restore notifications the user hasn't interacted with.
51         They could be missed notifications if the user reboots their device if this isn't in place.
52    -->
53    <uses-permission android:name="android.permission.RECEIVE_BOOT_COMPLETED" /> <!-- START: ShortcutBadger -->
53-->[com.onesignal:OneSignal:4.8.5] AndroidManifest.xml:30:5-81
53-->[com.onesignal:OneSignal:4.8.5] AndroidManifest.xml:30:22-78
54    <!-- Samsung -->
55    <uses-permission android:name="com.sec.android.provider.badge.permission.READ" />
55-->[com.onesignal:OneSignal:4.8.5] AndroidManifest.xml:32:5-86
55-->[com.onesignal:OneSignal:4.8.5] AndroidManifest.xml:32:22-83
56    <uses-permission android:name="com.sec.android.provider.badge.permission.WRITE" /> <!-- HTC -->
56-->[com.onesignal:OneSignal:4.8.5] AndroidManifest.xml:33:5-87
56-->[com.onesignal:OneSignal:4.8.5] AndroidManifest.xml:33:22-84
57    <uses-permission android:name="com.htc.launcher.permission.READ_SETTINGS" />
57-->[com.onesignal:OneSignal:4.8.5] AndroidManifest.xml:34:5-81
57-->[com.onesignal:OneSignal:4.8.5] AndroidManifest.xml:34:22-78
58    <uses-permission android:name="com.htc.launcher.permission.UPDATE_SHORTCUT" /> <!-- Sony -->
58-->[com.onesignal:OneSignal:4.8.5] AndroidManifest.xml:35:5-83
58-->[com.onesignal:OneSignal:4.8.5] AndroidManifest.xml:35:22-80
59    <uses-permission android:name="com.sonyericsson.home.permission.BROADCAST_BADGE" />
59-->[com.onesignal:OneSignal:4.8.5] AndroidManifest.xml:36:5-88
59-->[com.onesignal:OneSignal:4.8.5] AndroidManifest.xml:36:22-85
60    <uses-permission android:name="com.sonymobile.home.permission.PROVIDER_INSERT_BADGE" /> <!-- Apex -->
60-->[com.onesignal:OneSignal:4.8.5] AndroidManifest.xml:37:5-92
60-->[com.onesignal:OneSignal:4.8.5] AndroidManifest.xml:37:22-89
61    <uses-permission android:name="com.anddoes.launcher.permission.UPDATE_COUNT" /> <!-- Solid -->
61-->[com.onesignal:OneSignal:4.8.5] AndroidManifest.xml:38:5-84
61-->[com.onesignal:OneSignal:4.8.5] AndroidManifest.xml:38:22-81
62    <uses-permission android:name="com.majeur.launcher.permission.UPDATE_BADGE" /> <!-- Huawei -->
62-->[com.onesignal:OneSignal:4.8.5] AndroidManifest.xml:39:5-83
62-->[com.onesignal:OneSignal:4.8.5] AndroidManifest.xml:39:22-80
63    <uses-permission android:name="com.huawei.android.launcher.permission.CHANGE_BADGE" />
63-->[com.onesignal:OneSignal:4.8.5] AndroidManifest.xml:40:5-91
63-->[com.onesignal:OneSignal:4.8.5] AndroidManifest.xml:40:22-88
64    <uses-permission android:name="com.huawei.android.launcher.permission.READ_SETTINGS" />
64-->[com.onesignal:OneSignal:4.8.5] AndroidManifest.xml:41:5-92
64-->[com.onesignal:OneSignal:4.8.5] AndroidManifest.xml:41:22-89
65    <uses-permission android:name="com.huawei.android.launcher.permission.WRITE_SETTINGS" /> <!-- ZUK -->
65-->[com.onesignal:OneSignal:4.8.5] AndroidManifest.xml:42:5-93
65-->[com.onesignal:OneSignal:4.8.5] AndroidManifest.xml:42:22-90
66    <uses-permission android:name="android.permission.READ_APP_BADGE" /> <!-- OPPO -->
66-->[com.onesignal:OneSignal:4.8.5] AndroidManifest.xml:43:5-73
66-->[com.onesignal:OneSignal:4.8.5] AndroidManifest.xml:43:22-70
67    <uses-permission android:name="com.oppo.launcher.permission.READ_SETTINGS" />
67-->[com.onesignal:OneSignal:4.8.5] AndroidManifest.xml:44:5-82
67-->[com.onesignal:OneSignal:4.8.5] AndroidManifest.xml:44:22-79
68    <uses-permission android:name="com.oppo.launcher.permission.WRITE_SETTINGS" /> <!-- EvMe -->
68-->[com.onesignal:OneSignal:4.8.5] AndroidManifest.xml:45:5-83
68-->[com.onesignal:OneSignal:4.8.5] AndroidManifest.xml:45:22-80
69    <uses-permission android:name="me.everything.badger.permission.BADGE_COUNT_READ" />
69-->[com.onesignal:OneSignal:4.8.5] AndroidManifest.xml:46:5-88
69-->[com.onesignal:OneSignal:4.8.5] AndroidManifest.xml:46:22-85
70    <uses-permission android:name="me.everything.badger.permission.BADGE_COUNT_WRITE" />
70-->[com.onesignal:OneSignal:4.8.5] AndroidManifest.xml:47:5-89
70-->[com.onesignal:OneSignal:4.8.5] AndroidManifest.xml:47:22-86
71    <uses-permission android:name="com.google.android.gms.permission.AD_ID" />
71-->[com.google.android.gms:play-services-measurement-api:21.3.0] AndroidManifest.xml:25:5-79
71-->[com.google.android.gms:play-services-measurement-api:21.3.0] AndroidManifest.xml:25:22-76
72    <uses-permission android:name="com.google.android.finsky.permission.BIND_GET_INSTALL_REFERRER_SERVICE" />
72-->[com.google.android.gms:play-services-measurement:21.3.0] AndroidManifest.xml:26:5-110
72-->[com.google.android.gms:play-services-measurement:21.3.0] AndroidManifest.xml:26:22-107
73    <uses-permission android:name="android.permission.FOREGROUND_SERVICE" />
73-->[androidx.work:work-runtime:2.7.0] AndroidManifest.xml:28:5-77
73-->[androidx.work:work-runtime:2.7.0] AndroidManifest.xml:28:22-74
74
75    <application
76        android:name="android.app.Application"
76-->src/main/AndroidManifest.xml:6:9-42
77        android:appComponentFactory="androidx.core.app.CoreComponentFactory"
77-->[androidx.core:core:1.7.0] AndroidManifest.xml:24:18-86
78        android:icon="@mipmap/launcher_icon"
78-->src/main/AndroidManifest.xml:7:9-45
79        android:label="Capcut Template" >
79-->src/main/AndroidManifest.xml:5:9-40
80        <activity
80-->src/main/AndroidManifest.xml:8:9-28:20
81            android:name="com.stormdeve.capcut_template.MainActivity"
81-->src/main/AndroidManifest.xml:9:13-41
82            android:configChanges="orientation|keyboardHidden|keyboard|screenSize|smallestScreenSize|locale|layoutDirection|fontScale|screenLayout|density|uiMode"
82-->src/main/AndroidManifest.xml:13:13-163
83            android:exported="true"
83-->src/main/AndroidManifest.xml:10:13-36
84            android:hardwareAccelerated="true"
84-->src/main/AndroidManifest.xml:14:13-47
85            android:launchMode="singleTop"
85-->src/main/AndroidManifest.xml:11:13-43
86            android:theme="@style/LaunchTheme"
86-->src/main/AndroidManifest.xml:12:13-47
87            android:windowSoftInputMode="adjustResize" >
87-->src/main/AndroidManifest.xml:15:13-55
88
89            <!--
90                 Specifies an Android theme to apply to this Activity as soon as
91                 the Android process has started. This theme is visible to the user
92                 while the Flutter UI initializes. After that, this theme continues
93                 to determine the Window background behind the Flutter UI.
94            -->
95            <meta-data
95-->src/main/AndroidManifest.xml:20:13-23:17
96                android:name="io.flutter.embedding.android.NormalTheme"
96-->src/main/AndroidManifest.xml:21:15-70
97                android:resource="@style/NormalTheme" />
97-->src/main/AndroidManifest.xml:22:15-52
98
99            <intent-filter>
99-->src/main/AndroidManifest.xml:24:13-27:29
100                <action android:name="android.intent.action.MAIN" />
100-->src/main/AndroidManifest.xml:25:17-68
100-->src/main/AndroidManifest.xml:25:25-66
101
102                <category android:name="android.intent.category.LAUNCHER" />
102-->src/main/AndroidManifest.xml:26:17-76
102-->src/main/AndroidManifest.xml:26:27-74
103            </intent-filter>
104        </activity>
105        <!--
106             Don't delete the meta-data below.
107             This is used by the Flutter tool to generate GeneratedPluginRegistrant.java
108        -->
109        <meta-data
109-->src/main/AndroidManifest.xml:31:9-33:32
110            android:name="flutterEmbedding"
110-->src/main/AndroidManifest.xml:32:13-44
111            android:value="2" />
111-->src/main/AndroidManifest.xml:33:13-30
112        <meta-data
112-->src/main/AndroidManifest.xml:34:9-36:68
113            android:name="com.google.android.gms.ads.APPLICATION_ID"
113-->src/main/AndroidManifest.xml:35:12-68
114            android:value="ca-app-pub-3940256099942544~3347511713" />
114-->src/main/AndroidManifest.xml:36:12-66
115
116        <service
116-->[:firebase_analytics] AndroidManifest.xml:12:9-16:19
117            android:name="com.google.firebase.components.ComponentDiscoveryService"
117-->[:firebase_analytics] AndroidManifest.xml:12:18-89
118            android:directBootAware="true"
118-->[com.google.firebase:firebase-common:20.3.3] AndroidManifest.xml:34:13-43
119            android:exported="false" >
119-->[com.google.firebase:firebase-messaging:23.2.1] AndroidManifest.xml:52:13-37
120            <meta-data
120-->[:firebase_analytics] AndroidManifest.xml:13:13-15:85
121                android:name="com.google.firebase.components:io.flutter.plugins.firebase.analytics.FlutterFirebaseAppRegistrar"
121-->[:firebase_analytics] AndroidManifest.xml:14:17-128
122                android:value="com.google.firebase.components.ComponentRegistrar" />
122-->[:firebase_analytics] AndroidManifest.xml:15:17-82
123            <meta-data
123-->[:firebase_core] AndroidManifest.xml:9:13-11:85
124                android:name="com.google.firebase.components:io.flutter.plugins.firebase.core.FlutterFirebaseCoreRegistrar"
124-->[:firebase_core] AndroidManifest.xml:10:17-124
125                android:value="com.google.firebase.components.ComponentRegistrar" />
125-->[:firebase_core] AndroidManifest.xml:11:17-82
126            <meta-data
126-->[com.google.firebase:firebase-messaging:23.2.1] AndroidManifest.xml:53:13-55:85
127                android:name="com.google.firebase.components:com.google.firebase.messaging.FirebaseMessagingRegistrar"
127-->[com.google.firebase:firebase-messaging:23.2.1] AndroidManifest.xml:54:17-119
128                android:value="com.google.firebase.components.ComponentRegistrar" />
128-->[com.google.firebase:firebase-messaging:23.2.1] AndroidManifest.xml:55:17-82
129            <meta-data
129-->[com.google.firebase:firebase-datatransport:18.1.7] AndroidManifest.xml:27:13-29:85
130                android:name="com.google.firebase.components:com.google.firebase.datatransport.TransportRegistrar"
130-->[com.google.firebase:firebase-datatransport:18.1.7] AndroidManifest.xml:28:17-115
131                android:value="com.google.firebase.components.ComponentRegistrar" />
131-->[com.google.firebase:firebase-datatransport:18.1.7] AndroidManifest.xml:29:17-82
132            <meta-data
132-->[com.google.android.gms:play-services-measurement-api:21.3.0] AndroidManifest.xml:31:13-33:85
133                android:name="com.google.firebase.components:com.google.firebase.analytics.connector.internal.AnalyticsConnectorRegistrar"
133-->[com.google.android.gms:play-services-measurement-api:21.3.0] AndroidManifest.xml:32:17-139
134                android:value="com.google.firebase.components.ComponentRegistrar" />
134-->[com.google.android.gms:play-services-measurement-api:21.3.0] AndroidManifest.xml:33:17-82
135            <meta-data
135-->[com.google.firebase:firebase-installations:17.1.4] AndroidManifest.xml:15:13-17:85
136                android:name="com.google.firebase.components:com.google.firebase.installations.FirebaseInstallationsRegistrar"
136-->[com.google.firebase:firebase-installations:17.1.4] AndroidManifest.xml:16:17-127
137                android:value="com.google.firebase.components.ComponentRegistrar" />
137-->[com.google.firebase:firebase-installations:17.1.4] AndroidManifest.xml:17:17-82
138        </service>
139
140        <meta-data
140-->[:google_mobile_ads] AndroidManifest.xml:10:9-12:36
141            android:name="io.flutter.embedded_views_preview"
141-->[:google_mobile_ads] AndroidManifest.xml:11:13-61
142            android:value="true" />
142-->[:google_mobile_ads] AndroidManifest.xml:12:13-33
143
144        <activity
144-->[:url_launcher_android] AndroidManifest.xml:8:9-11:74
145            android:name="io.flutter.plugins.urllauncher.WebViewActivity"
145-->[:url_launcher_android] AndroidManifest.xml:9:13-74
146            android:exported="false"
146-->[:url_launcher_android] AndroidManifest.xml:10:13-37
147            android:theme="@android:style/Theme.NoTitleBar.Fullscreen" />
147-->[:url_launcher_android] AndroidManifest.xml:11:13-71
148
149        <receiver
149-->[com.onesignal:OneSignal:4.8.5] AndroidManifest.xml:50:9-61:20
150            android:name="com.onesignal.FCMBroadcastReceiver"
150-->[com.onesignal:OneSignal:4.8.5] AndroidManifest.xml:51:13-62
151            android:exported="true"
151-->[com.onesignal:OneSignal:4.8.5] AndroidManifest.xml:52:13-36
152            android:permission="com.google.android.c2dm.permission.SEND" >
152-->[com.onesignal:OneSignal:4.8.5] AndroidManifest.xml:53:13-73
153
154            <!-- High priority so OneSignal payloads can be filtered from other FCM receivers -->
155            <intent-filter android:priority="999" >
155-->[com.onesignal:OneSignal:4.8.5] AndroidManifest.xml:56:13-60:29
155-->[com.onesignal:OneSignal:4.8.5] AndroidManifest.xml:56:28-50
156                <action android:name="com.google.android.c2dm.intent.RECEIVE" />
156-->[com.onesignal:OneSignal:4.8.5] AndroidManifest.xml:57:17-81
156-->[com.onesignal:OneSignal:4.8.5] AndroidManifest.xml:57:25-78
157
158                <category android:name="com.stormdeve.capcut_template" />
158-->[com.onesignal:OneSignal:4.8.5] AndroidManifest.xml:59:17-61
158-->[com.onesignal:OneSignal:4.8.5] AndroidManifest.xml:59:27-58
159            </intent-filter>
160        </receiver>
161
162        <service
162-->[com.onesignal:OneSignal:4.8.5] AndroidManifest.xml:63:9-69:19
163            android:name="com.onesignal.HmsMessageServiceOneSignal"
163-->[com.onesignal:OneSignal:4.8.5] AndroidManifest.xml:64:13-68
164            android:exported="false" >
164-->[com.onesignal:OneSignal:4.8.5] AndroidManifest.xml:65:13-37
165            <intent-filter>
165-->[com.onesignal:OneSignal:4.8.5] AndroidManifest.xml:66:13-68:29
166                <action android:name="com.huawei.push.action.MESSAGING_EVENT" />
166-->[com.onesignal:OneSignal:4.8.5] AndroidManifest.xml:67:17-81
166-->[com.onesignal:OneSignal:4.8.5] AndroidManifest.xml:67:25-78
167            </intent-filter>
168        </service>
169
170        <activity
170-->[com.onesignal:OneSignal:4.8.5] AndroidManifest.xml:71:9-79:20
171            android:name="com.onesignal.NotificationOpenedActivityHMS"
171-->[com.onesignal:OneSignal:4.8.5] AndroidManifest.xml:72:13-71
172            android:exported="true"
172-->[com.onesignal:OneSignal:4.8.5] AndroidManifest.xml:73:13-36
173            android:noHistory="true"
173-->[com.onesignal:OneSignal:4.8.5] AndroidManifest.xml:74:13-37
174            android:theme="@android:style/Theme.Translucent.NoTitleBar" >
174-->[com.onesignal:OneSignal:4.8.5] AndroidManifest.xml:75:13-72
175            <intent-filter>
175-->[com.onesignal:OneSignal:4.8.5] AndroidManifest.xml:76:13-78:29
176                <action android:name="android.intent.action.VIEW" />
176-->src/main/AndroidManifest.xml:40:13-65
176-->src/main/AndroidManifest.xml:40:21-62
177            </intent-filter>
178        </activity>
179
180        <service
180-->[com.onesignal:OneSignal:4.8.5] AndroidManifest.xml:81:9-83:40
181            android:name="com.onesignal.FCMIntentService"
181-->[com.onesignal:OneSignal:4.8.5] AndroidManifest.xml:82:13-58
182            android:exported="false" />
182-->[com.onesignal:OneSignal:4.8.5] AndroidManifest.xml:83:13-37
183        <service
183-->[com.onesignal:OneSignal:4.8.5] AndroidManifest.xml:84:9-87:72
184            android:name="com.onesignal.FCMIntentJobService"
184-->[com.onesignal:OneSignal:4.8.5] AndroidManifest.xml:85:13-61
185            android:exported="false"
185-->[com.onesignal:OneSignal:4.8.5] AndroidManifest.xml:86:13-37
186            android:permission="android.permission.BIND_JOB_SERVICE" />
186-->[com.onesignal:OneSignal:4.8.5] AndroidManifest.xml:87:13-69
187        <service
187-->[com.onesignal:OneSignal:4.8.5] AndroidManifest.xml:88:9-91:43
188            android:name="com.onesignal.SyncService"
188-->[com.onesignal:OneSignal:4.8.5] AndroidManifest.xml:89:13-53
189            android:exported="false"
189-->[com.onesignal:OneSignal:4.8.5] AndroidManifest.xml:90:13-37
190            android:stopWithTask="true" />
190-->[com.onesignal:OneSignal:4.8.5] AndroidManifest.xml:91:13-40
191        <service
191-->[com.onesignal:OneSignal:4.8.5] AndroidManifest.xml:92:9-95:72
192            android:name="com.onesignal.SyncJobService"
192-->[com.onesignal:OneSignal:4.8.5] AndroidManifest.xml:93:13-56
193            android:exported="false"
193-->[com.onesignal:OneSignal:4.8.5] AndroidManifest.xml:94:13-37
194            android:permission="android.permission.BIND_JOB_SERVICE" />
194-->[com.onesignal:OneSignal:4.8.5] AndroidManifest.xml:95:13-69
195
196        <activity
196-->[com.onesignal:OneSignal:4.8.5] AndroidManifest.xml:97:9-100:75
197            android:name="com.onesignal.PermissionsActivity"
197-->[com.onesignal:OneSignal:4.8.5] AndroidManifest.xml:98:13-61
198            android:exported="false"
198-->[com.onesignal:OneSignal:4.8.5] AndroidManifest.xml:99:13-37
199            android:theme="@android:style/Theme.Translucent.NoTitleBar" />
199-->[com.onesignal:OneSignal:4.8.5] AndroidManifest.xml:100:13-72
200
201        <receiver
201-->[com.onesignal:OneSignal:4.8.5] AndroidManifest.xml:102:9-104:39
202            android:name="com.onesignal.NotificationDismissReceiver"
202-->[com.onesignal:OneSignal:4.8.5] AndroidManifest.xml:103:13-69
203            android:exported="true" />
203-->[com.onesignal:OneSignal:4.8.5] AndroidManifest.xml:104:13-36
204        <receiver
204-->[com.onesignal:OneSignal:4.8.5] AndroidManifest.xml:105:9-112:20
205            android:name="com.onesignal.BootUpReceiver"
205-->[com.onesignal:OneSignal:4.8.5] AndroidManifest.xml:106:13-56
206            android:exported="true" >
206-->[com.onesignal:OneSignal:4.8.5] AndroidManifest.xml:107:13-36
207            <intent-filter>
207-->[com.onesignal:OneSignal:4.8.5] AndroidManifest.xml:108:13-111:29
208                <action android:name="android.intent.action.BOOT_COMPLETED" />
208-->[com.onesignal:OneSignal:4.8.5] AndroidManifest.xml:109:17-79
208-->[com.onesignal:OneSignal:4.8.5] AndroidManifest.xml:109:25-76
209                <action android:name="android.intent.action.QUICKBOOT_POWERON" />
209-->[com.onesignal:OneSignal:4.8.5] AndroidManifest.xml:110:17-82
209-->[com.onesignal:OneSignal:4.8.5] AndroidManifest.xml:110:25-79
210            </intent-filter>
211        </receiver>
212        <receiver
212-->[com.onesignal:OneSignal:4.8.5] AndroidManifest.xml:113:9-119:20
213            android:name="com.onesignal.UpgradeReceiver"
213-->[com.onesignal:OneSignal:4.8.5] AndroidManifest.xml:114:13-57
214            android:exported="true" >
214-->[com.onesignal:OneSignal:4.8.5] AndroidManifest.xml:115:13-36
215            <intent-filter>
215-->[com.onesignal:OneSignal:4.8.5] AndroidManifest.xml:116:13-118:29
216                <action android:name="android.intent.action.MY_PACKAGE_REPLACED" />
216-->[com.onesignal:OneSignal:4.8.5] AndroidManifest.xml:117:17-84
216-->[com.onesignal:OneSignal:4.8.5] AndroidManifest.xml:117:25-81
217            </intent-filter>
218        </receiver>
219
220        <activity
220-->[com.onesignal:OneSignal:4.8.5] AndroidManifest.xml:121:9-127:75
221            android:name="com.onesignal.NotificationOpenedReceiver"
221-->[com.onesignal:OneSignal:4.8.5] AndroidManifest.xml:122:13-68
222            android:excludeFromRecents="true"
222-->[com.onesignal:OneSignal:4.8.5] AndroidManifest.xml:123:13-46
223            android:exported="true"
223-->[com.onesignal:OneSignal:4.8.5] AndroidManifest.xml:124:13-36
224            android:noHistory="true"
224-->[com.onesignal:OneSignal:4.8.5] AndroidManifest.xml:125:13-37
225            android:taskAffinity=""
225-->[com.onesignal:OneSignal:4.8.5] AndroidManifest.xml:126:13-36
226            android:theme="@android:style/Theme.Translucent.NoTitleBar" />
226-->[com.onesignal:OneSignal:4.8.5] AndroidManifest.xml:127:13-72
227        <activity
227-->[com.onesignal:OneSignal:4.8.5] AndroidManifest.xml:128:9-133:75
228            android:name="com.onesignal.NotificationOpenedReceiverAndroid22AndOlder"
228-->[com.onesignal:OneSignal:4.8.5] AndroidManifest.xml:129:13-85
229            android:excludeFromRecents="true"
229-->[com.onesignal:OneSignal:4.8.5] AndroidManifest.xml:130:13-46
230            android:exported="true"
230-->[com.onesignal:OneSignal:4.8.5] AndroidManifest.xml:131:13-36
231            android:noHistory="true"
231-->[com.onesignal:OneSignal:4.8.5] AndroidManifest.xml:132:13-37
232            android:theme="@android:style/Theme.Translucent.NoTitleBar" />
232-->[com.onesignal:OneSignal:4.8.5] AndroidManifest.xml:133:13-72
233
234        <uses-library
234-->[androidx.window:window:1.0.0-beta04] AndroidManifest.xml:25:9-27:40
235            android:name="androidx.window.extensions"
235-->[androidx.window:window:1.0.0-beta04] AndroidManifest.xml:26:13-54
236            android:required="false" />
236-->[androidx.window:window:1.0.0-beta04] AndroidManifest.xml:27:13-37
237        <uses-library
237-->[androidx.window:window:1.0.0-beta04] AndroidManifest.xml:28:9-30:40
238            android:name="androidx.window.sidecar"
238-->[androidx.window:window:1.0.0-beta04] AndroidManifest.xml:29:13-51
239            android:required="false" />
239-->[androidx.window:window:1.0.0-beta04] AndroidManifest.xml:30:13-37
240
241        <receiver
241-->[com.google.firebase:firebase-messaging:23.2.1] AndroidManifest.xml:29:9-36:20
242            android:name="com.google.firebase.iid.FirebaseInstanceIdReceiver"
242-->[com.google.firebase:firebase-messaging:23.2.1] AndroidManifest.xml:30:13-78
243            android:exported="true"
243-->[com.google.firebase:firebase-messaging:23.2.1] AndroidManifest.xml:31:13-36
244            android:permission="com.google.android.c2dm.permission.SEND" >
244-->[com.google.firebase:firebase-messaging:23.2.1] AndroidManifest.xml:32:13-73
245            <intent-filter>
245-->[com.google.firebase:firebase-messaging:23.2.1] AndroidManifest.xml:33:13-35:29
246                <action android:name="com.google.android.c2dm.intent.RECEIVE" />
246-->[com.onesignal:OneSignal:4.8.5] AndroidManifest.xml:57:17-81
246-->[com.onesignal:OneSignal:4.8.5] AndroidManifest.xml:57:25-78
247            </intent-filter>
248        </receiver>
249        <!--
250             FirebaseMessagingService performs security checks at runtime,
251             but set to not exported to explicitly avoid allowing another app to call it.
252        -->
253        <service
253-->[com.google.firebase:firebase-messaging:23.2.1] AndroidManifest.xml:42:9-49:19
254            android:name="com.google.firebase.messaging.FirebaseMessagingService"
254-->[com.google.firebase:firebase-messaging:23.2.1] AndroidManifest.xml:43:13-82
255            android:directBootAware="true"
255-->[com.google.firebase:firebase-messaging:23.2.1] AndroidManifest.xml:44:13-43
256            android:exported="false" >
256-->[com.google.firebase:firebase-messaging:23.2.1] AndroidManifest.xml:45:13-37
257            <intent-filter android:priority="-500" >
257-->[com.google.firebase:firebase-messaging:23.2.1] AndroidManifest.xml:46:13-48:29
257-->[com.google.firebase:firebase-messaging:23.2.1] AndroidManifest.xml:46:28-51
258                <action android:name="com.google.firebase.MESSAGING_EVENT" />
258-->[com.google.firebase:firebase-messaging:23.2.1] AndroidManifest.xml:47:17-78
258-->[com.google.firebase:firebase-messaging:23.2.1] AndroidManifest.xml:47:25-75
259            </intent-filter>
260        </service>
261        <service
261-->[com.google.android.datatransport:transport-backend-cct:3.1.8] AndroidManifest.xml:28:9-34:19
262            android:name="com.google.android.datatransport.runtime.backends.TransportBackendDiscovery"
262-->[com.google.android.datatransport:transport-backend-cct:3.1.8] AndroidManifest.xml:29:13-103
263            android:exported="false" >
263-->[com.google.android.datatransport:transport-backend-cct:3.1.8] AndroidManifest.xml:30:13-37
264            <meta-data
264-->[com.google.android.datatransport:transport-backend-cct:3.1.8] AndroidManifest.xml:31:13-33:39
265                android:name="backend:com.google.android.datatransport.cct.CctBackendFactory"
265-->[com.google.android.datatransport:transport-backend-cct:3.1.8] AndroidManifest.xml:32:17-94
266                android:value="cct" />
266-->[com.google.android.datatransport:transport-backend-cct:3.1.8] AndroidManifest.xml:33:17-36
267        </service>
268        <service
268-->[com.google.android.datatransport:transport-runtime:3.1.8] AndroidManifest.xml:26:9-30:19
269            android:name="com.google.android.datatransport.runtime.scheduling.jobscheduling.JobInfoSchedulerService"
269-->[com.google.android.datatransport:transport-runtime:3.1.8] AndroidManifest.xml:27:13-117
270            android:exported="false"
270-->[com.google.android.datatransport:transport-runtime:3.1.8] AndroidManifest.xml:28:13-37
271            android:permission="android.permission.BIND_JOB_SERVICE" >
271-->[com.google.android.datatransport:transport-runtime:3.1.8] AndroidManifest.xml:29:13-69
272        </service>
273
274        <receiver
274-->[com.google.android.datatransport:transport-runtime:3.1.8] AndroidManifest.xml:32:9-34:40
275            android:name="com.google.android.datatransport.runtime.scheduling.jobscheduling.AlarmManagerSchedulerBroadcastReceiver"
275-->[com.google.android.datatransport:transport-runtime:3.1.8] AndroidManifest.xml:33:13-132
276            android:exported="false" />
276-->[com.google.android.datatransport:transport-runtime:3.1.8] AndroidManifest.xml:34:13-37
277
278        <provider